2025-11-15 09:18:11.764 [main] WARN  o.i.c.s.PropertiesFileConfigSource - 配置文件不存在或不可读: hadoop-default.properties
2025-11-15 09:20:26.142 [main] WARN  o.i.c.s.PropertiesFileConfigSource - 配置文件不存在或不可读: hadoop-default.properties
2025-11-15 09:20:27.321 [main] WARN  o.a.hadoop.util.NativeCodeLoader - Unable to load native-hadoop library for your platform... using builtin-java classes where applicable
2025-11-15 09:20:27.510 [main] WARN  org.apache.spark.SparkConf - Note that spark.local.dir will be overridden by the value set by the cluster manager (via SPARK_LOCAL_DIRS in mesos/standalone/kubernetes and LOCAL_DIRS in YARN).
2025-11-15 09:20:32.606 [main] WARN  org.apache.spark.util.Utils - Service 'SparkUI' could not bind on port 4040. Attempting port 4041.
2025-11-15 09:20:32.607 [main] WARN  org.apache.spark.util.Utils - Service 'SparkUI' could not bind on port 4041. Attempting port 4042.
2025-11-15 09:20:44.981 [executor-heartbeater] WARN  o.a.s.executor.ProcfsMetricsGetter - Exception when trying to compute pagesize, as a result reporting of ProcessTree metrics is stopped
2025-11-15 09:21:11.437 [main] WARN  org.apache.spark.sql.Column - Constructing trivially true equals predicate, 'sim_id#202 = sim_id#202'. Perhaps you need to use aliases.
2025-11-15 09:21:11.438 [main] WARN  org.apache.spark.sql.Column - Constructing trivially true equals predicate, 'module_id#203 = module_id#203'. Perhaps you need to use aliases.
2025-11-15 09:21:11.438 [main] WARN  org.apache.spark.sql.Column - Constructing trivially true equals predicate, 'pieces_index#211 = pieces_index#211'. Perhaps you need to use aliases.
2025-11-15 09:21:11.438 [main] WARN  org.apache.spark.sql.Column - Constructing trivially true equals predicate, 'wire_label#66166 = wire_label#66166'. Perhaps you need to use aliases.
2025-11-15 09:21:11.581 [main] WARN  org.apache.spark.sql.Column - Constructing trivially true equals predicate, 'sim_id#202 = sim_id#202'. Perhaps you need to use aliases.
2025-11-15 09:21:11.582 [main] WARN  org.apache.spark.sql.Column - Constructing trivially true equals predicate, 'module_id#203 = module_id#203'. Perhaps you need to use aliases.
2025-11-15 09:21:11.582 [main] WARN  org.apache.spark.sql.Column - Constructing trivially true equals predicate, 'pieces_index#211 = pieces_index#211'. Perhaps you need to use aliases.
2025-11-15 09:21:11.582 [main] WARN  org.apache.spark.sql.Column - Constructing trivially true equals predicate, 'wire_id#205 = wire_id#205'. Perhaps you need to use aliases.
2025-11-15 09:21:14.158 [main] INFO  o.a.k.c.producer.ProducerConfig - ProducerConfig values: 
	acks = -1
	auto.include.jmx.reporter = true
	batch.size = 16384
	bootstrap.servers = [10.170.6.24:9092, 10.170.6.25:9092, 10.170.6.26:9092]
	buffer.memory = 33554432
	client.dns.lookup = use_all_dns_ips
	client.id = producer-1
	compression.gzip.level = -1
	compression.lz4.level = 9
	compression.type = none
	compression.zstd.level = 3
	connections.max.idle.ms = 540000
	delivery.timeout.ms = 120000
	enable.idempotence = true
	enable.metrics.push = true
	interceptor.classes = []
	key.serializer = class org.apache.kafka.common.serialization.LongSerializer
	linger.ms = 0
	max.block.ms = 60000
	max.in.flight.requests.per.connection = 5
	max.request.size = 1048576
	metadata.max.age.ms = 300000
	metadata.max.idle.ms = 300000
	metadata.recovery.strategy = none
	metric.reporters = []
	metrics.num.samples = 2
	metrics.recording.level = INFO
	metrics.sample.window.ms = 30000
	partitioner.adaptive.partitioning.enable = true
	partitioner.availability.timeout.ms = 0
	partitioner.class = null
	partitioner.ignore.keys = false
	receive.buffer.bytes = 32768
	reconnect.backoff.max.ms = 1000
	reconnect.backoff.ms = 50
	request.timeout.ms = 30000
	retries = 2147483647
	retry.backoff.max.ms = 1000
	retry.backoff.ms = 100
	sasl.client.callback.handler.class = null
	sasl.jaas.config = null
	sasl.kerberos.kinit.cmd = /usr/bin/kinit
	sasl.kerberos.min.time.before.relogin = 60000
	sasl.kerberos.service.name = null
	sasl.kerberos.ticket.renew.jitter = 0.05
	sasl.kerberos.ticket.renew.window.factor = 0.8
	sasl.login.callback.handler.class = null
	sasl.login.class = null
	sasl.login.connect.timeout.ms = null
	sasl.login.read.timeout.ms = null
	sasl.login.refresh.buffer.seconds = 300
	sasl.login.refresh.min.period.seconds = 60
	sasl.login.refresh.window.factor = 0.8
	sasl.login.refresh.window.jitter = 0.05
	sasl.login.retry.backoff.max.ms = 10000
	sasl.login.retry.backoff.ms = 100
	sasl.mechanism = GSSAPI
	sasl.oauthbearer.clock.skew.seconds = 30
	sasl.oauthbearer.expected.audience = null
	sasl.oauthbearer.expected.issuer = null
	sasl.oauthbearer.header.urlencode = false
	sasl.oauthbearer.jwks.endpoint.refresh.ms = 3600000
	sasl.oauthbearer.jwks.endpoint.retry.backoff.max.ms = 10000
	sasl.oauthbearer.jwks.endpoint.retry.backoff.ms = 100
	sasl.oauthbearer.jwks.endpoint.url = null
	sasl.oauthbearer.scope.claim.name = scope
	sasl.oauthbearer.sub.claim.name = sub
	sasl.oauthbearer.token.endpoint.url = null
	security.protocol = PLAINTEXT
	security.providers = null
	send.buffer.bytes = 131072
	socket.connection.setup.timeout.max.ms = 30000
	socket.connection.setup.timeout.ms = 10000
	ssl.cipher.suites = null
	ssl.enabled.protocols = [TLSv1.2]
	ssl.endpoint.identification.algorithm = https
	ssl.engine.factory.class = null
	ssl.key.password = null
	ssl.keymanager.algorithm = SunX509
	ssl.keystore.certificate.chain = null
	ssl.keystore.key = null
	ssl.keystore.location = null
	ssl.keystore.password = null
	ssl.keystore.type = JKS
	ssl.protocol = TLSv1.2
	ssl.provider = null
	ssl.secure.random.implementation = null
	ssl.trustmanager.algorithm = PKIX
	ssl.truststore.certificates = null
	ssl.truststore.location = null
	ssl.truststore.password = null
	ssl.truststore.type = JKS
	transaction.timeout.ms = 60000
	transactional.id = null
	value.serializer = class com.im.qtech.data.serde.EqpReversePOJOValueSerializer

2025-11-15 09:21:14.235 [main] INFO  o.a.k.c.t.i.KafkaMetricsCollector - initializing Kafka metrics collector
2025-11-15 09:21:14.414 [main] INFO  o.a.k.clients.producer.KafkaProducer - [Producer clientId=producer-1] Instantiated an idempotent producer.
2025-11-15 09:21:14.496 [main] INFO  o.a.kafka.common.utils.AppInfoParser - Kafka version: 3.9.1
2025-11-15 09:21:14.497 [main] INFO  o.a.kafka.common.utils.AppInfoParser - Kafka commitId: f745dfdcee2b9851
2025-11-15 09:21:14.498 [main] INFO  o.a.kafka.common.utils.AppInfoParser - Kafka startTimeMs: 1763169674494
2025-11-15 09:21:14.502 [main] INFO  o.a.k.c.producer.ProducerConfig - ProducerConfig values: 
	acks = -1
	auto.include.jmx.reporter = true
	batch.size = 16384
	bootstrap.servers = [10.170.6.24:9092, 10.170.6.25:9092, 10.170.6.26:9092]
	buffer.memory = 33554432
	client.dns.lookup = use_all_dns_ips
	client.id = producer-2
	compression.gzip.level = -1
	compression.lz4.level = 9
	compression.type = none
	compression.zstd.level = 3
	connections.max.idle.ms = 540000
	delivery.timeout.ms = 120000
	enable.idempotence = true
	enable.metrics.push = true
	interceptor.classes = []
	key.serializer = class org.apache.kafka.common.serialization.LongSerializer
	linger.ms = 0
	max.block.ms = 60000
	max.in.flight.requests.per.connection = 5
	max.request.size = 1048576
	metadata.max.age.ms = 300000
	metadata.max.idle.ms = 300000
	metadata.recovery.strategy = none
	metric.reporters = []
	metrics.num.samples = 2
	metrics.recording.level = INFO
	metrics.sample.window.ms = 30000
	partitioner.adaptive.partitioning.enable = true
	partitioner.availability.timeout.ms = 0
	partitioner.class = null
	partitioner.ignore.keys = false
	receive.buffer.bytes = 32768
	reconnect.backoff.max.ms = 1000
	reconnect.backoff.ms = 50
	request.timeout.ms = 30000
	retries = 2147483647
	retry.backoff.max.ms = 1000
	retry.backoff.ms = 100
	sasl.client.callback.handler.class = null
	sasl.jaas.config = null
	sasl.kerberos.kinit.cmd = /usr/bin/kinit
	sasl.kerberos.min.time.before.relogin = 60000
	sasl.kerberos.service.name = null
	sasl.kerberos.ticket.renew.jitter = 0.05
	sasl.kerberos.ticket.renew.window.factor = 0.8
	sasl.login.callback.handler.class = null
	sasl.login.class = null
	sasl.login.connect.timeout.ms = null
	sasl.login.read.timeout.ms = null
	sasl.login.refresh.buffer.seconds = 300
	sasl.login.refresh.min.period.seconds = 60
	sasl.login.refresh.window.factor = 0.8
	sasl.login.refresh.window.jitter = 0.05
	sasl.login.retry.backoff.max.ms = 10000
	sasl.login.retry.backoff.ms = 100
	sasl.mechanism = GSSAPI
	sasl.oauthbearer.clock.skew.seconds = 30
	sasl.oauthbearer.expected.audience = null
	sasl.oauthbearer.expected.issuer = null
	sasl.oauthbearer.header.urlencode = false
	sasl.oauthbearer.jwks.endpoint.refresh.ms = 3600000
	sasl.oauthbearer.jwks.endpoint.retry.backoff.max.ms = 10000
	sasl.oauthbearer.jwks.endpoint.retry.backoff.ms = 100
	sasl.oauthbearer.jwks.endpoint.url = null
	sasl.oauthbearer.scope.claim.name = scope
	sasl.oauthbearer.sub.claim.name = sub
	sasl.oauthbearer.token.endpoint.url = null
	security.protocol = PLAINTEXT
	security.providers = null
	send.buffer.bytes = 131072
	socket.connection.setup.timeout.max.ms = 30000
	socket.connection.setup.timeout.ms = 10000
	ssl.cipher.suites = null
	ssl.enabled.protocols = [TLSv1.2]
	ssl.endpoint.identification.algorithm = https
	ssl.engine.factory.class = null
	ssl.key.password = null
	ssl.keymanager.algorithm = SunX509
	ssl.keystore.certificate.chain = null
	ssl.keystore.key = null
	ssl.keystore.location = null
	ssl.keystore.password = null
	ssl.keystore.type = JKS
	ssl.protocol = TLSv1.2
	ssl.provider = null
	ssl.secure.random.implementation = null
	ssl.trustmanager.algorithm = PKIX
	ssl.truststore.certificates = null
	ssl.truststore.location = null
	ssl.truststore.password = null
	ssl.truststore.type = JKS
	transaction.timeout.ms = 60000
	transactional.id = null
	value.serializer = class com.im.qtech.data.serde.WbOlpRawDataRecordSerializer

2025-11-15 09:21:14.504 [main] INFO  o.a.k.c.t.i.KafkaMetricsCollector - initializing Kafka metrics collector
2025-11-15 09:21:14.510 [main] INFO  o.a.k.clients.producer.KafkaProducer - [Producer clientId=producer-2] Instantiated an idempotent producer.
2025-11-15 09:21:14.522 [main] INFO  o.a.kafka.common.utils.AppInfoParser - Kafka version: 3.9.1
2025-11-15 09:21:14.523 [main] INFO  o.a.kafka.common.utils.AppInfoParser - Kafka commitId: f745dfdcee2b9851
2025-11-15 09:21:14.523 [main] INFO  o.a.kafka.common.utils.AppInfoParser - Kafka startTimeMs: 1763169674522
2025-11-15 09:21:15.576 [kafka-producer-network-thread | producer-2] INFO  org.apache.kafka.clients.Metadata - [Producer clientId=producer-2] Cluster ID: 9RO1zJ7SQ_2UBQbjcm4p4A
2025-11-15 09:21:15.576 [kafka-producer-network-thread | producer-1] INFO  org.apache.kafka.clients.Metadata - [Producer clientId=producer-1] Cluster ID: 9RO1zJ7SQ_2UBQbjcm4p4A
2025-11-15 09:21:15.577 [kafka-producer-network-thread | producer-2] INFO  o.a.k.c.p.i.TransactionManager - [Producer clientId=producer-2] ProducerId set to 752435 with epoch 0
2025-11-15 09:21:15.577 [kafka-producer-network-thread | producer-1] INFO  o.a.k.c.p.i.TransactionManager - [Producer clientId=producer-1] ProducerId set to 753193 with epoch 0
2025-11-15 09:21:53.649 [main] INFO  o.a.k.clients.producer.KafkaProducer - [Producer clientId=producer-1] Closing the Kafka producer with timeoutMillis = 9223372036854775807 ms.
2025-11-15 09:21:53.671 [main] INFO  o.a.kafka.common.metrics.Metrics - Metrics scheduler closed
2025-11-15 09:21:53.672 [main] INFO  o.a.kafka.common.metrics.Metrics - Closing reporter org.apache.kafka.common.metrics.JmxReporter
2025-11-15 09:21:53.672 [main] INFO  o.a.kafka.common.metrics.Metrics - Closing reporter org.apache.kafka.common.telemetry.internals.ClientTelemetryReporter
2025-11-15 09:21:53.673 [main] INFO  o.a.kafka.common.metrics.Metrics - Metrics reporters closed
2025-11-15 09:21:53.674 [main] INFO  o.a.kafka.common.utils.AppInfoParser - App info kafka.producer for producer-1 unregistered
2025-11-15 09:21:54.620 [main] INFO  o.a.k.clients.producer.KafkaProducer - [Producer clientId=producer-2] Closing the Kafka producer with timeoutMillis = 9223372036854775807 ms.
2025-11-15 09:21:54.657 [main] INFO  o.a.kafka.common.metrics.Metrics - Metrics scheduler closed
2025-11-15 09:21:54.658 [main] INFO  o.a.kafka.common.metrics.Metrics - Closing reporter org.apache.kafka.common.metrics.JmxReporter
2025-11-15 09:21:54.658 [main] INFO  o.a.kafka.common.metrics.Metrics - Closing reporter org.apache.kafka.common.telemetry.internals.ClientTelemetryReporter
2025-11-15 09:21:54.658 [main] INFO  o.a.kafka.common.metrics.Metrics - Metrics reporters closed
2025-11-15 09:21:54.659 [main] INFO  o.a.kafka.common.utils.AppInfoParser - App info kafka.producer for producer-2 unregistered
